2021-05-18 00:00:10,786 INFO com.example.sumptuous.controller.IngredientController [http-nio-8089-exec-10] [getIngredients]
2021-05-18 00:00:18,866 INFO com.example.sumptuous.controller.IngredientController [http-nio-8089-exec-10] [getIngredients] response : ingredientDtos : [com.example.sumptuous.dto.IngredientDto@5adb28c1, com.example.sumptuous.dto.IngredientDto@1b1c9612, com.example.sumptuous.dto.IngredientDto@31ee7129, com.example.sumptuous.dto.IngredientDto@6c404fde, com.example.sumptuous.dto.IngredientDto@6f5effb7, com.example.sumptuous.dto.IngredientDto@100d4848, com.example.sumptuous.dto.IngredientDto@52a81459, com.example.sumptuous.dto.IngredientDto@3cf88f6d, com.example.sumptuous.dto.IngredientDto@24437c02, com.example.sumptuous.dto.IngredientDto@5e762fca, com.example.sumptuous.dto.IngredientDto@4ceee281, com.example.sumptuous.dto.IngredientDto@34158f96, com.example.sumptuous.dto.IngredientDto@b09467a, com.example.sumptuous.dto.IngredientDto@646e20ae, com.example.sumptuous.dto.IngredientDto@5faf2c48, com.example.sumptuous.dto.IngredientDto@475e6114, com.example.sumptuous.dto.IngredientDto@6a5c513, com.example.sumptuous.dto.IngredientDto@135bee39, com.example.sumptuous.dto.IngredientDto@35304d76, com.example.sumptuous.dto.IngredientDto@1d2cc05, com.example.sumptuous.dto.IngredientDto@29f71c71, com.example.sumptuous.dto.IngredientDto@65110550, com.example.sumptuous.dto.IngredientDto@527daf79, com.example.sumptuous.dto.IngredientDto@4558f3d7, com.example.sumptuous.dto.IngredientDto@545d6b99, com.example.sumptuous.dto.IngredientDto@398bcfc7]
2021-05-18 00:04:42,666 INFO com.example.sumptuous.controller.IngredientController [http-nio-8089-exec-4] [getIngredients]
2021-05-18 00:04:50,508 INFO com.example.sumptuous.controller.IngredientController [http-nio-8089-exec-4] [getIngredients] response : ingredientDtos : [com.example.sumptuous.dto.IngredientDto@51ce2bd, com.example.sumptuous.dto.IngredientDto@1c8ab833, com.example.sumptuous.dto.IngredientDto@58d553cc, com.example.sumptuous.dto.IngredientDto@3eeb8161, com.example.sumptuous.dto.IngredientDto@5c00850b, com.example.sumptuous.dto.IngredientDto@1582f598, com.example.sumptuous.dto.IngredientDto@673b8fd7, com.example.sumptuous.dto.IngredientDto@5b9fad8, com.example.sumptuous.dto.IngredientDto@5d491fb9, com.example.sumptuous.dto.IngredientDto@5f650fbd, com.example.sumptuous.dto.IngredientDto@641b76b1, com.example.sumptuous.dto.IngredientDto@2e3e2fd0, com.example.sumptuous.dto.IngredientDto@3b9f4979, com.example.sumptuous.dto.IngredientDto@4cf0b150, com.example.sumptuous.dto.IngredientDto@73e1e881, com.example.sumptuous.dto.IngredientDto@2c7e1982, com.example.sumptuous.dto.IngredientDto@6d6b49f5, com.example.sumptuous.dto.IngredientDto@24d81f39, com.example.sumptuous.dto.IngredientDto@58815ec3, com.example.sumptuous.dto.IngredientDto@4effe58, com.example.sumptuous.dto.IngredientDto@337c3bd1, com.example.sumptuous.dto.IngredientDto@57b9db50, com.example.sumptuous.dto.IngredientDto@51ce022, com.example.sumptuous.dto.IngredientDto@7e7ad3e7, com.example.sumptuous.dto.IngredientDto@2c8add4a, com.example.sumptuous.dto.IngredientDto@3570f0d0]
2021-05-18 00:27:00,076 INFO org.springframework.boot.StartupInfoLogger [restartedMain] Starting SumptuousApplication using Java 11.0.11 on labdhi-HP-Laptop-14s-dk0xxx with PID 6329 (/home/labdhi/Documents/sumptuous/target/classes started by labdhi in /home/labdhi/Documents/sumptuous)
2021-05-18 00:27:00,091 INFO org.springframework.boot.SpringApplication [restartedMain] No active profile set, falling back to default profiles: default
2021-05-18 00:27:00,400 INFO org.springframework.boot.logging.DeferredLog [restartedMain] Devtools property defaults active! Set 'spring.devtools.add-properties' to 'false' to disable
2021-05-18 00:27:00,401 INFO org.springframework.boot.logging.DeferredLog [restartedMain] For additional web related logging consider setting the 'logging.level.web' property to 'DEBUG'
2021-05-18 00:27:03,895 INFO org.springframework.data.repository.config.RepositoryConfigurationDelegate [restartedMain] Bootstrapping Spring Data JPA repositories in DEFAULT mode.
2021-05-18 00:27:04,046 INFO org.springframework.data.repository.config.RepositoryConfigurationDelegate [restartedMain] Finished Spring Data repository scanning in 135 ms. Found 4 JPA repository interfaces.
2021-05-18 00:27:05,785 INFO org.springframework.boot.web.embedded.tomcat.TomcatWebServer [restartedMain] Tomcat initialized with port(s): 8089 (http)
2021-05-18 00:27:05,795 INFO org.apache.juli.logging.DirectJDKLog [restartedMain] Initializing ProtocolHandler ["http-nio-8089"]
2021-05-18 00:27:05,796 INFO org.apache.juli.logging.DirectJDKLog [restartedMain] Starting service [Tomcat]
2021-05-18 00:27:05,796 INFO org.apache.juli.logging.DirectJDKLog [restartedMain] Starting Servlet engine: [Apache Tomcat/9.0.45]
2021-05-18 00:27:05,937 INFO org.apache.juli.logging.DirectJDKLog [restartedMain] Initializing Spring embedded WebApplicationContext
2021-05-18 00:27:05,937 INFO org.springframework.boot.web.servlet.context.ServletWebServerApplicationContext [restartedMain] Root WebApplicationContext: initialization completed in 5304 ms
2021-05-18 00:27:06,393 INFO org.hibernate.jpa.internal.util.LogHelper [restartedMain] HHH000204: Processing PersistenceUnitInfo [name: default]
2021-05-18 00:27:06,602 INFO org.hibernate.Version [restartedMain] HHH000412: Hibernate ORM core version 5.4.30.Final
2021-05-18 00:27:06,919 INFO org.hibernate.annotations.common.reflection.java.JavaReflectionManager [restartedMain] HCANN000001: Hibernate Commons Annotations {5.1.2.Final}
2021-05-18 00:27:07,029 INFO com.zaxxer.hikari.HikariDataSource [restartedMain] HikariPool-1 - Starting...
2021-05-18 00:27:09,101 INFO com.zaxxer.hikari.HikariDataSource [restartedMain] HikariPool-1 - Start completed.
2021-05-18 00:27:09,122 INFO org.hibernate.dialect.Dialect [restartedMain] HHH000400: Using dialect: org.hibernate.dialect.MySQL8Dialect
2021-05-18 00:27:11,094 INFO org.hibernate.engine.transaction.jta.platform.internal.JtaPlatformInitiator [restartedMain] HHH000490: Using JtaPlatform implementation: [org.hibernate.engine.transaction.jta.platform.internal.NoJtaPlatform]
2021-05-18 00:27:11,143 INFO org.springframework.orm.jpa.AbstractEntityManagerFactoryBean [restartedMain] Initialized JPA EntityManagerFactory for persistence unit 'default'
2021-05-18 00:27:11,210 INFO org.springframework.boot.devtools.autoconfigure.OptionalLiveReloadServer [restartedMain] LiveReload server is running on port 35729
2021-05-18 00:27:12,126 WARN org.springframework.boot.autoconfigure.orm.jpa.JpaBaseConfiguration$JpaWebConfiguration [restartedMain] spring.jpa.open-in-view is enabled by default. Therefore, database queries may be performed during view rendering. Explicitly configure spring.jpa.open-in-view to disable this warning
2021-05-18 00:27:12,322 INFO org.springframework.scheduling.concurrent.ExecutorConfigurationSupport [restartedMain] Initializing ExecutorService 'applicationTaskExecutor'
2021-05-18 00:27:12,741 INFO org.apache.juli.logging.DirectJDKLog [restartedMain] Starting ProtocolHandler ["http-nio-8089"]
2021-05-18 00:27:12,804 INFO org.springframework.boot.web.embedded.tomcat.TomcatWebServer [restartedMain] Tomcat started on port(s): 8089 (http) with context path ''
2021-05-18 00:27:12,823 INFO org.springframework.boot.StartupInfoLogger [restartedMain] Started SumptuousApplication in 14.28 seconds (JVM running for 20.222)
2021-05-18 00:28:24,509 INFO org.apache.juli.logging.DirectJDKLog [http-nio-8089-exec-1] Initializing Spring DispatcherServlet 'dispatcherServlet'
2021-05-18 00:28:24,510 INFO org.springframework.web.servlet.FrameworkServlet [http-nio-8089-exec-1] Initializing Servlet 'dispatcherServlet'
2021-05-18 00:28:24,512 INFO org.springframework.web.servlet.FrameworkServlet [http-nio-8089-exec-1] Completed initialization in 2 ms
2021-05-18 00:28:24,993 INFO com.example.sumptuous.controller.IngredientController [http-nio-8089-exec-1] [getIngredients]
2021-05-18 00:28:25,512 INFO com.example.sumptuous.controller.IngredientController [http-nio-8089-exec-1] [getIngredients] response : ingredientDtos : [com.example.sumptuous.dto.IngredientDto@5b427844, com.example.sumptuous.dto.IngredientDto@1b35a59a, com.example.sumptuous.dto.IngredientDto@1b01899a, com.example.sumptuous.dto.IngredientDto@2a350d6c, com.example.sumptuous.dto.IngredientDto@62fdc036, com.example.sumptuous.dto.IngredientDto@54d2b086, com.example.sumptuous.dto.IngredientDto@4388bedf, com.example.sumptuous.dto.IngredientDto@41d495af, com.example.sumptuous.dto.IngredientDto@4d2401d3, com.example.sumptuous.dto.IngredientDto@c33ce71, com.example.sumptuous.dto.IngredientDto@acbe76e, com.example.sumptuous.dto.IngredientDto@6fd77275, com.example.sumptuous.dto.IngredientDto@210ccc5, com.example.sumptuous.dto.IngredientDto@1042dab0, com.example.sumptuous.dto.IngredientDto@45e7af41, com.example.sumptuous.dto.IngredientDto@11772952, com.example.sumptuous.dto.IngredientDto@1505b95d, com.example.sumptuous.dto.IngredientDto@13147617, com.example.sumptuous.dto.IngredientDto@6b715e93, com.example.sumptuous.dto.IngredientDto@43e4d716, com.example.sumptuous.dto.IngredientDto@7b135166, com.example.sumptuous.dto.IngredientDto@4b8724dd, com.example.sumptuous.dto.IngredientDto@2ae37ef8, com.example.sumptuous.dto.IngredientDto@4f5a40d5, com.example.sumptuous.dto.IngredientDto@2ea3a039, com.example.sumptuous.dto.IngredientDto@5cf0d8fc]
2021-05-18 00:28:30,675 INFO com.example.sumptuous.controller.RecipeController [http-nio-8089-exec-2] [unApprovedRecipes]
2021-05-18 00:28:31,722 INFO com.example.sumptuous.controller.RecipeController [http-nio-8089-exec-2] [unApprovedRecipes] response : recipeDtos : [com.example.sumptuous.dto.RecipeDto@fc47a83, com.example.sumptuous.dto.RecipeDto@39611f66, com.example.sumptuous.dto.RecipeDto@aa62861]
2021-05-18 00:46:06,182 INFO org.springframework.scheduling.concurrent.ExecutorConfigurationSupport [SpringContextShutdownHook] Shutting down ExecutorService 'applicationTaskExecutor'
2021-05-18 00:46:06,187 INFO org.springframework.orm.jpa.AbstractEntityManagerFactoryBean [SpringContextShutdownHook] Closing JPA EntityManagerFactory for persistence unit 'default'
2021-05-18 00:46:06,282 INFO com.zaxxer.hikari.HikariDataSource [SpringContextShutdownHook] HikariPool-1 - Shutdown initiated...
2021-05-18 00:46:06,501 INFO com.zaxxer.hikari.HikariDataSource [SpringContextShutdownHook] HikariPool-1 - Shutdown completed.
2021-05-18 01:04:18,966 INFO org.springframework.boot.StartupInfoLogger [restartedMain] Starting SumptuousApplication using Java 11.0.11 on labdhi-HP-Laptop-14s-dk0xxx with PID 7413 (/home/labdhi/Documents/sumptuous/target/classes started by labdhi in /home/labdhi/Documents/sumptuous)
2021-05-18 01:04:18,991 INFO org.springframework.boot.SpringApplication [restartedMain] No active profile set, falling back to default profiles: default
2021-05-18 01:04:19,329 INFO org.springframework.boot.logging.DeferredLog [restartedMain] Devtools property defaults active! Set 'spring.devtools.add-properties' to 'false' to disable
2021-05-18 01:04:19,330 INFO org.springframework.boot.logging.DeferredLog [restartedMain] For additional web related logging consider setting the 'logging.level.web' property to 'DEBUG'
2021-05-18 01:04:22,426 INFO org.springframework.data.repository.config.RepositoryConfigurationDelegate [restartedMain] Bootstrapping Spring Data JPA repositories in DEFAULT mode.
2021-05-18 01:04:22,590 INFO org.springframework.data.repository.config.RepositoryConfigurationDelegate [restartedMain] Finished Spring Data repository scanning in 149 ms. Found 4 JPA repository interfaces.
2021-05-18 01:04:23,810 INFO org.springframework.boot.web.embedded.tomcat.TomcatWebServer [restartedMain] Tomcat initialized with port(s): 8089 (http)
2021-05-18 01:04:23,824 INFO org.apache.juli.logging.DirectJDKLog [restartedMain] Initializing ProtocolHandler ["http-nio-8089"]
2021-05-18 01:04:23,825 INFO org.apache.juli.logging.DirectJDKLog [restartedMain] Starting service [Tomcat]
2021-05-18 01:04:23,825 INFO org.apache.juli.logging.DirectJDKLog [restartedMain] Starting Servlet engine: [Apache Tomcat/9.0.45]
2021-05-18 01:04:23,957 INFO org.apache.juli.logging.DirectJDKLog [restartedMain] Initializing Spring embedded WebApplicationContext
2021-05-18 01:04:23,957 INFO org.springframework.boot.web.servlet.context.ServletWebServerApplicationContext [restartedMain] Root WebApplicationContext: initialization completed in 4620 ms
2021-05-18 01:04:24,579 INFO org.hibernate.jpa.internal.util.LogHelper [restartedMain] HHH000204: Processing PersistenceUnitInfo [name: default]
2021-05-18 01:04:24,733 INFO org.hibernate.Version [restartedMain] HHH000412: Hibernate ORM core version 5.4.30.Final
2021-05-18 01:04:25,008 INFO org.hibernate.annotations.common.reflection.java.JavaReflectionManager [restartedMain] HCANN000001: Hibernate Commons Annotations {5.1.2.Final}
2021-05-18 01:04:25,118 INFO com.zaxxer.hikari.HikariDataSource [restartedMain] HikariPool-1 - Starting...
2021-05-18 01:04:26,961 INFO com.zaxxer.hikari.HikariDataSource [restartedMain] HikariPool-1 - Start completed.
2021-05-18 01:04:26,997 INFO org.hibernate.dialect.Dialect [restartedMain] HHH000400: Using dialect: org.hibernate.dialect.MySQL8Dialect
2021-05-18 01:04:28,289 INFO org.hibernate.engine.transaction.jta.platform.internal.JtaPlatformInitiator [restartedMain] HHH000490: Using JtaPlatform implementation: [org.hibernate.engine.transaction.jta.platform.internal.NoJtaPlatform]
2021-05-18 01:04:28,300 INFO org.springframework.orm.jpa.AbstractEntityManagerFactoryBean [restartedMain] Initialized JPA EntityManagerFactory for persistence unit 'default'
2021-05-18 01:04:28,375 INFO org.springframework.boot.devtools.autoconfigure.OptionalLiveReloadServer [restartedMain] LiveReload server is running on port 35729
2021-05-18 01:04:29,333 WARN org.springframework.boot.autoconfigure.orm.jpa.JpaBaseConfiguration$JpaWebConfiguration [restartedMain] spring.jpa.open-in-view is enabled by default. Therefore, database queries may be performed during view rendering. Explicitly configure spring.jpa.open-in-view to disable this warning
2021-05-18 01:04:29,578 INFO org.springframework.scheduling.concurrent.ExecutorConfigurationSupport [restartedMain] Initializing ExecutorService 'applicationTaskExecutor'
2021-05-18 01:04:29,882 INFO org.apache.juli.logging.DirectJDKLog [restartedMain] Starting ProtocolHandler ["http-nio-8089"]
2021-05-18 01:04:30,156 INFO org.springframework.boot.web.embedded.tomcat.TomcatWebServer [restartedMain] Tomcat started on port(s): 8089 (http) with context path ''
2021-05-18 01:04:30,173 INFO org.springframework.boot.StartupInfoLogger [restartedMain] Started SumptuousApplication in 12.698 seconds (JVM running for 17.911)
2021-05-18 01:04:58,932 INFO org.apache.juli.logging.DirectJDKLog [http-nio-8089-exec-1] Initializing Spring DispatcherServlet 'dispatcherServlet'
2021-05-18 01:04:58,933 INFO org.springframework.web.servlet.FrameworkServlet [http-nio-8089-exec-1] Initializing Servlet 'dispatcherServlet'
2021-05-18 01:04:58,937 INFO org.springframework.web.servlet.FrameworkServlet [http-nio-8089-exec-1] Completed initialization in 3 ms
2021-05-18 01:04:59,056 INFO com.example.sumptuous.controller.RecipeController [http-nio-8089-exec-1] [unApprovedRecipes]
2021-05-18 01:04:59,200 INFO com.example.sumptuous.controller.RecipeController [http-nio-8089-exec-1] [unApprovedRecipes] response : recipeDtos : [com.example.sumptuous.dto.RecipeDto@224464f3, com.example.sumptuous.dto.RecipeDto@7cc10cd2, com.example.sumptuous.dto.RecipeDto@79ab4785]
2021-05-18 01:06:53,361 INFO com.example.sumptuous.controller.RecipeController [http-nio-8089-exec-3] [unApprovedRecipes]
2021-05-18 01:06:53,409 INFO com.example.sumptuous.controller.RecipeController [http-nio-8089-exec-3] [unApprovedRecipes] response : recipeDtos : [com.example.sumptuous.dto.RecipeDto@43bbd934, com.example.sumptuous.dto.RecipeDto@59e61109, com.example.sumptuous.dto.RecipeDto@4b68182]
2021-05-18 01:11:09,445 INFO com.example.sumptuous.controller.IngredientController [http-nio-8089-exec-5] [getIngredients]
2021-05-18 01:11:09,667 INFO com.example.sumptuous.controller.IngredientController [http-nio-8089-exec-5] [getIngredients] response : ingredientDtos : [com.example.sumptuous.dto.IngredientDto@4b71e7cd, com.example.sumptuous.dto.IngredientDto@6204e33c, com.example.sumptuous.dto.IngredientDto@572c37fa, com.example.sumptuous.dto.IngredientDto@e17ac7f, com.example.sumptuous.dto.IngredientDto@4a1c6dff, com.example.sumptuous.dto.IngredientDto@fc47a83, com.example.sumptuous.dto.IngredientDto@39611f66, com.example.sumptuous.dto.IngredientDto@aa62861, com.example.sumptuous.dto.IngredientDto@237ccf5f, com.example.sumptuous.dto.IngredientDto@fc0a9d1, com.example.sumptuous.dto.IngredientDto@3eeb1d60, com.example.sumptuous.dto.IngredientDto@535cffc, com.example.sumptuous.dto.IngredientDto@4076ee32, com.example.sumptuous.dto.IngredientDto@4af259cc, com.example.sumptuous.dto.IngredientDto@2c145def, com.example.sumptuous.dto.IngredientDto@7753dbe, com.example.sumptuous.dto.IngredientDto@7005441c, com.example.sumptuous.dto.IngredientDto@28614fe9, com.example.sumptuous.dto.IngredientDto@2614942f, com.example.sumptuous.dto.IngredientDto@822d59e, com.example.sumptuous.dto.IngredientDto@525d5522, com.example.sumptuous.dto.IngredientDto@70614687, com.example.sumptuous.dto.IngredientDto@72d61148, com.example.sumptuous.dto.IngredientDto@6c46b4a9, com.example.sumptuous.dto.IngredientDto@540a0846, com.example.sumptuous.dto.IngredientDto@2e25393e]
2021-05-18 01:11:22,780 INFO com.example.sumptuous.controller.RecipeController [http-nio-8089-exec-7] [searchRecipes] argument : recipeRequestUserDto : RecipeRequestUserDto{ingredientDtos=null, mealType='', dishType='', name='l', cookingTime=null, checked=false}
2021-05-18 01:11:22,845 INFO com.example.sumptuous.controller.RecipeController [http-nio-8089-exec-7] [searchRecipes] response : recipeResponseUserDto : RecipeResponseUserDto{recipeDtos=[com.example.sumptuous.dto.RecipeDto@1f3b42ab, com.example.sumptuous.dto.RecipeDto@12124665], otherRecipeDtos=null}
2021-05-18 01:11:29,096 INFO com.example.sumptuous.controller.IngredientController [http-nio-8089-exec-8] [getIngredients]
2021-05-18 01:11:29,110 INFO com.example.sumptuous.controller.IngredientController [http-nio-8089-exec-8] [getIngredients] response : ingredientDtos : [com.example.sumptuous.dto.IngredientDto@e70c779, com.example.sumptuous.dto.IngredientDto@410d6ae9, com.example.sumptuous.dto.IngredientDto@3d62ee77, com.example.sumptuous.dto.IngredientDto@5c8bba32, com.example.sumptuous.dto.IngredientDto@54c8f5d5, com.example.sumptuous.dto.IngredientDto@7eb88787, com.example.sumptuous.dto.IngredientDto@5483cf71, com.example.sumptuous.dto.IngredientDto@55d8b5f9, com.example.sumptuous.dto.IngredientDto@46ad84ca, com.example.sumptuous.dto.IngredientDto@7c93b727, com.example.sumptuous.dto.IngredientDto@36211783, com.example.sumptuous.dto.IngredientDto@26c60bc3, com.example.sumptuous.dto.IngredientDto@c675005, com.example.sumptuous.dto.IngredientDto@6d2cf421, com.example.sumptuous.dto.IngredientDto@530f6b08, com.example.sumptuous.dto.IngredientDto@4581fab9, com.example.sumptuous.dto.IngredientDto@73507d74, com.example.sumptuous.dto.IngredientDto@79d712c3, com.example.sumptuous.dto.IngredientDto@512871da, com.example.sumptuous.dto.IngredientDto@1bb61d74, com.example.sumptuous.dto.IngredientDto@6b7d68ab, com.example.sumptuous.dto.IngredientDto@2a7d3e0d, com.example.sumptuous.dto.IngredientDto@38c92c39, com.example.sumptuous.dto.IngredientDto@13bfdbe9, com.example.sumptuous.dto.IngredientDto@1387c105, com.example.sumptuous.dto.IngredientDto@5049082e]
2021-05-18 01:11:37,091 INFO com.example.sumptuous.controller.RecipeController [http-nio-8089-exec-9] [searchRecipes] argument : recipeRequestUserDto : RecipeRequestUserDto{ingredientDtos=null, mealType='', dishType='', name='x', cookingTime=null, checked=false}
2021-05-18 01:11:37,098 INFO com.example.sumptuous.controller.RecipeController [http-nio-8089-exec-9] [searchRecipes] response : recipeResponseUserDto : RecipeResponseUserDto{recipeDtos=[], otherRecipeDtos=null}
2021-05-18 01:13:07,219 INFO com.example.sumptuous.controller.IngredientController [http-nio-8089-exec-1] [getIngredients]
2021-05-18 01:13:07,236 INFO com.example.sumptuous.controller.IngredientController [http-nio-8089-exec-1] [getIngredients] response : ingredientDtos : [com.example.sumptuous.dto.IngredientDto@b242115, com.example.sumptuous.dto.IngredientDto@5fcae6f3, com.example.sumptuous.dto.IngredientDto@447266b, com.example.sumptuous.dto.IngredientDto@6dc1fa10, com.example.sumptuous.dto.IngredientDto@47c74234, com.example.sumptuous.dto.IngredientDto@4fb2d941, com.example.sumptuous.dto.IngredientDto@72fbdaa2, com.example.sumptuous.dto.IngredientDto@1008bf97, com.example.sumptuous.dto.IngredientDto@6d239940, com.example.sumptuous.dto.IngredientDto@34823d74, com.example.sumptuous.dto.IngredientDto@1800cf8c, com.example.sumptuous.dto.IngredientDto@4d213f1c, com.example.sumptuous.dto.IngredientDto@3cb95661, com.example.sumptuous.dto.IngredientDto@1975b51f, com.example.sumptuous.dto.IngredientDto@7176512, com.example.sumptuous.dto.IngredientDto@430a6333, com.example.sumptuous.dto.IngredientDto@35762f6d, com.example.sumptuous.dto.IngredientDto@11fa991, com.example.sumptuous.dto.IngredientDto@3d9c6355, com.example.sumptuous.dto.IngredientDto@2d1f9c2e, com.example.sumptuous.dto.IngredientDto@2916d3a7, com.example.sumptuous.dto.IngredientDto@55b9a435, com.example.sumptuous.dto.IngredientDto@b61f31c, com.example.sumptuous.dto.IngredientDto@5a4ef0b2, com.example.sumptuous.dto.IngredientDto@455a9bb7, com.example.sumptuous.dto.IngredientDto@5dda1725]
2021-05-18 01:14:51,399 INFO com.example.sumptuous.controller.RecipeController [http-nio-8089-exec-3] [searchRecipes] argument : recipeRequestUserDto : RecipeRequestUserDto{ingredientDtos=null, mealType='', dishType='', name='x', cookingTime=null, checked=false}
2021-05-18 01:14:51,405 INFO com.example.sumptuous.controller.RecipeController [http-nio-8089-exec-3] [searchRecipes] response : recipeResponseUserDto : RecipeResponseUserDto{recipeDtos=[], otherRecipeDtos=null}
2021-05-18 02:32:08,391 INFO org.springframework.scheduling.concurrent.ExecutorConfigurationSupport [SpringContextShutdownHook] Shutting down ExecutorService 'applicationTaskExecutor'
2021-05-18 02:32:08,471 INFO org.springframework.orm.jpa.AbstractEntityManagerFactoryBean [SpringContextShutdownHook] Closing JPA EntityManagerFactory for persistence unit 'default'
2021-05-18 02:32:08,655 INFO com.zaxxer.hikari.HikariDataSource [SpringContextShutdownHook] HikariPool-1 - Shutdown initiated...
2021-05-18 02:32:08,793 INFO com.zaxxer.hikari.HikariDataSource [SpringContextShutdownHook] HikariPool-1 - Shutdown completed.
2021-05-18 13:13:34,094 INFO org.springframework.boot.StartupInfoLogger [restartedMain] Starting SumptuousApplication using Java 11.0.11 on labdhi-HP-Laptop-14s-dk0xxx with PID 7821 (/home/labdhi/Documents/sumptuous/target/classes started by labdhi in /home/labdhi/Documents/sumptuous)
2021-05-18 13:13:34,149 INFO org.springframework.boot.SpringApplication [restartedMain] No active profile set, falling back to default profiles: default
2021-05-18 13:13:34,402 INFO org.springframework.boot.logging.DeferredLog [restartedMain] Devtools property defaults active! Set 'spring.devtools.add-properties' to 'false' to disable
2021-05-18 13:13:34,403 INFO org.springframework.boot.logging.DeferredLog [restartedMain] For additional web related logging consider setting the 'logging.level.web' property to 'DEBUG'
2021-05-18 13:13:38,456 INFO org.springframework.data.repository.config.RepositoryConfigurationDelegate [restartedMain] Bootstrapping Spring Data JPA repositories in DEFAULT mode.
2021-05-18 13:13:38,836 INFO org.springframework.data.repository.config.RepositoryConfigurationDelegate [restartedMain] Finished Spring Data repository scanning in 313 ms. Found 4 JPA repository interfaces.
2021-05-18 13:13:41,041 INFO org.springframework.boot.web.embedded.tomcat.TomcatWebServer [restartedMain] Tomcat initialized with port(s): 8089 (http)
2021-05-18 13:13:41,058 INFO org.apache.juli.logging.DirectJDKLog [restartedMain] Initializing ProtocolHandler ["http-nio-8089"]
2021-05-18 13:13:41,060 INFO org.apache.juli.logging.DirectJDKLog [restartedMain] Starting service [Tomcat]
2021-05-18 13:13:41,061 INFO org.apache.juli.logging.DirectJDKLog [restartedMain] Starting Servlet engine: [Apache Tomcat/9.0.45]
2021-05-18 13:13:41,178 INFO org.apache.juli.logging.DirectJDKLog [restartedMain] Initializing Spring embedded WebApplicationContext
2021-05-18 13:13:41,178 INFO org.springframework.boot.web.servlet.context.ServletWebServerApplicationContext [restartedMain] Root WebApplicationContext: initialization completed in 6692 ms
2021-05-18 13:13:41,655 INFO org.hibernate.jpa.internal.util.LogHelper [restartedMain] HHH000204: Processing PersistenceUnitInfo [name: default]
2021-05-18 13:13:41,830 INFO org.hibernate.Version [restartedMain] HHH000412: Hibernate ORM core version 5.4.30.Final
2021-05-18 13:13:42,272 INFO org.hibernate.annotations.common.reflection.java.JavaReflectionManager [restartedMain] HCANN000001: Hibernate Commons Annotations {5.1.2.Final}
2021-05-18 13:13:42,382 INFO com.zaxxer.hikari.HikariDataSource [restartedMain] HikariPool-1 - Starting...
2021-05-18 13:13:45,430 INFO com.zaxxer.hikari.HikariDataSource [restartedMain] HikariPool-1 - Start completed.
2021-05-18 13:13:45,497 INFO org.hibernate.dialect.Dialect [restartedMain] HHH000400: Using dialect: org.hibernate.dialect.MySQL8Dialect
2021-05-18 13:13:47,735 INFO org.hibernate.engine.transaction.jta.platform.internal.JtaPlatformInitiator [restartedMain] HHH000490: Using JtaPlatform implementation: [org.hibernate.engine.transaction.jta.platform.internal.NoJtaPlatform]
2021-05-18 13:13:47,809 INFO org.springframework.orm.jpa.AbstractEntityManagerFactoryBean [restartedMain] Initialized JPA EntityManagerFactory for persistence unit 'default'
2021-05-18 13:13:47,881 INFO org.springframework.boot.devtools.autoconfigure.OptionalLiveReloadServer [restartedMain] LiveReload server is running on port 35729
2021-05-18 13:13:48,819 WARN org.springframework.boot.autoconfigure.orm.jpa.JpaBaseConfiguration$JpaWebConfiguration [restartedMain] spring.jpa.open-in-view is enabled by default. Therefore, database queries may be performed during view rendering. Explicitly configure spring.jpa.open-in-view to disable this warning
2021-05-18 13:13:49,031 INFO org.springframework.scheduling.concurrent.ExecutorConfigurationSupport [restartedMain] Initializing ExecutorService 'applicationTaskExecutor'
2021-05-18 13:13:49,369 INFO org.apache.juli.logging.DirectJDKLog [restartedMain] Starting ProtocolHandler ["http-nio-8089"]
2021-05-18 13:13:49,420 INFO org.springframework.boot.web.embedded.tomcat.TomcatWebServer [restartedMain] Tomcat started on port(s): 8089 (http) with context path ''
2021-05-18 13:13:49,437 INFO org.springframework.boot.StartupInfoLogger [restartedMain] Started SumptuousApplication in 16.845 seconds (JVM running for 23.598)
2021-05-18 13:14:07,356 INFO org.apache.juli.logging.DirectJDKLog [http-nio-8089-exec-1] Initializing Spring DispatcherServlet 'dispatcherServlet'
2021-05-18 13:14:07,358 INFO org.springframework.web.servlet.FrameworkServlet [http-nio-8089-exec-1] Initializing Servlet 'dispatcherServlet'
2021-05-18 13:14:07,362 INFO org.springframework.web.servlet.FrameworkServlet [http-nio-8089-exec-1] Completed initialization in 2 ms
2021-05-18 13:14:07,936 INFO com.example.sumptuous.controller.IngredientController [http-nio-8089-exec-1] [getIngredients]
2021-05-18 13:14:09,188 INFO com.example.sumptuous.controller.IngredientController [http-nio-8089-exec-1] [getIngredients] response : ingredientDtos : [com.example.sumptuous.dto.IngredientDto@60fff173, com.example.sumptuous.dto.IngredientDto@148d7ce0, com.example.sumptuous.dto.IngredientDto@73663c94, com.example.sumptuous.dto.IngredientDto@2dafabdc, com.example.sumptuous.dto.IngredientDto@3244b373, com.example.sumptuous.dto.IngredientDto@4d51b3a7, com.example.sumptuous.dto.IngredientDto@f11b405, com.example.sumptuous.dto.IngredientDto@5fb00f70, com.example.sumptuous.dto.IngredientDto@48f8f0de, com.example.sumptuous.dto.IngredientDto@874aeed, com.example.sumptuous.dto.IngredientDto@a47927a, com.example.sumptuous.dto.IngredientDto@5553d7cd, com.example.sumptuous.dto.IngredientDto@5a22b3b9, com.example.sumptuous.dto.IngredientDto@770c6dd6, com.example.sumptuous.dto.IngredientDto@41eee50f, com.example.sumptuous.dto.IngredientDto@a48af40, com.example.sumptuous.dto.IngredientDto@45387acb, com.example.sumptuous.dto.IngredientDto@51cecd67, com.example.sumptuous.dto.IngredientDto@67be8ccc, com.example.sumptuous.dto.IngredientDto@28431dd4, com.example.sumptuous.dto.IngredientDto@2e2bc435, com.example.sumptuous.dto.IngredientDto@9299162, com.example.sumptuous.dto.IngredientDto@1a62b467, com.example.sumptuous.dto.IngredientDto@2a7fa742, com.example.sumptuous.dto.IngredientDto@5a05d454, com.example.sumptuous.dto.IngredientDto@1f62ecf7]
2021-05-18 13:14:23,217 INFO com.example.sumptuous.controller.IngredientController [http-nio-8089-exec-2] [getIngredients]
2021-05-18 13:14:23,232 INFO com.example.sumptuous.controller.IngredientController [http-nio-8089-exec-2] [getIngredients] response : ingredientDtos : [com.example.sumptuous.dto.IngredientDto@54d898c1, com.example.sumptuous.dto.IngredientDto@608f9be, com.example.sumptuous.dto.IngredientDto@6f6bcf38, com.example.sumptuous.dto.IngredientDto@79b7ca4d, com.example.sumptuous.dto.IngredientDto@69395b2a, com.example.sumptuous.dto.IngredientDto@283d9aba, com.example.sumptuous.dto.IngredientDto@191e928a, com.example.sumptuous.dto.IngredientDto@5ebcc646, com.example.sumptuous.dto.IngredientDto@7dff36b0, com.example.sumptuous.dto.IngredientDto@39539bff, com.example.sumptuous.dto.IngredientDto@54b4d49d, com.example.sumptuous.dto.IngredientDto@6c02a6bb, com.example.sumptuous.dto.IngredientDto@68cc573d, com.example.sumptuous.dto.IngredientDto@4de5a5b8, com.example.sumptuous.dto.IngredientDto@3f0780a5, com.example.sumptuous.dto.IngredientDto@4649de80, com.example.sumptuous.dto.IngredientDto@4cb60ccb, com.example.sumptuous.dto.IngredientDto@2c1ea880, com.example.sumptuous.dto.IngredientDto@2f9f070e, com.example.sumptuous.dto.IngredientDto@27aa71a3, com.example.sumptuous.dto.IngredientDto@5b86f1c9, com.example.sumptuous.dto.IngredientDto@2051891, com.example.sumptuous.dto.IngredientDto@55f5c8a8, com.example.sumptuous.dto.IngredientDto@21a68cdc, com.example.sumptuous.dto.IngredientDto@4d423998, com.example.sumptuous.dto.IngredientDto@67a97131]
2021-05-18 13:16:20,935 INFO com.example.sumptuous.controller.RecipeController [http-nio-8089-exec-5] [searchRecipes] argument : recipeRequestUserDto : RecipeRequestUserDto{ingredientDtos=null, mealType='', dishType='Salad', name='', cookingTime=null, checked=false}
2021-05-18 13:16:21,127 INFO com.example.sumptuous.controller.RecipeController [http-nio-8089-exec-5] [searchRecipes] response : recipeResponseUserDto : RecipeResponseUserDto{recipeDtos=[com.example.sumptuous.dto.RecipeDto@28151d93], otherRecipeDtos=null}
2021-05-18 13:17:58,227 INFO com.example.sumptuous.controller.IngredientController [http-nio-8089-exec-7] [getIngredients]
2021-05-18 13:17:58,275 INFO com.example.sumptuous.controller.IngredientController [http-nio-8089-exec-7] [getIngredients] response : ingredientDtos : [com.example.sumptuous.dto.IngredientDto@5e14f3a4, com.example.sumptuous.dto.IngredientDto@231872b7, com.example.sumptuous.dto.IngredientDto@395480dc, com.example.sumptuous.dto.IngredientDto@2a9b7176, com.example.sumptuous.dto.IngredientDto@53eb2e52, com.example.sumptuous.dto.IngredientDto@33867352, com.example.sumptuous.dto.IngredientDto@2ec9479e, com.example.sumptuous.dto.IngredientDto@5f2893f0, com.example.sumptuous.dto.IngredientDto@553baff9, com.example.sumptuous.dto.IngredientDto@55275aef, com.example.sumptuous.dto.IngredientDto@31b61262, com.example.sumptuous.dto.IngredientDto@2a9ab0b7, com.example.sumptuous.dto.IngredientDto@2256867a, com.example.sumptuous.dto.IngredientDto@4dc950fd, com.example.sumptuous.dto.IngredientDto@4c6d7e24, com.example.sumptuous.dto.IngredientDto@330d7016, com.example.sumptuous.dto.IngredientDto@25fe555b, com.example.sumptuous.dto.IngredientDto@22b7a7a1, com.example.sumptuous.dto.IngredientDto@58c618d, com.example.sumptuous.dto.IngredientDto@5dd93cea, com.example.sumptuous.dto.IngredientDto@a5aee87, com.example.sumptuous.dto.IngredientDto@154fdac2, com.example.sumptuous.dto.IngredientDto@732951ef, com.example.sumptuous.dto.IngredientDto@67831d0c, com.example.sumptuous.dto.IngredientDto@3af0e9ad, com.example.sumptuous.dto.IngredientDto@5102bdfb]
2021-05-18 13:18:01,353 INFO com.example.sumptuous.controller.RecipeController [http-nio-8089-exec-8] [getRecipesByDishType] argument : dishType : Salad
2021-05-18 13:18:01,380 INFO com.example.sumptuous.controller.RecipeController [http-nio-8089-exec-8] [getRecipesByDishType] response : recipeDtos : [com.example.sumptuous.dto.RecipeDto@4a1b0fb3, com.example.sumptuous.dto.RecipeDto@f7c02bb]
2021-05-18 13:18:06,721 INFO com.example.sumptuous.controller.IngredientController [http-nio-8089-exec-9] [getIngredients]
2021-05-18 13:18:06,738 INFO com.example.sumptuous.controller.IngredientController [http-nio-8089-exec-9] [getIngredients] response : ingredientDtos : [com.example.sumptuous.dto.IngredientDto@4f894fc3, com.example.sumptuous.dto.IngredientDto@5c9a402b, com.example.sumptuous.dto.IngredientDto@36aa2f06, com.example.sumptuous.dto.IngredientDto@68a77201, com.example.sumptuous.dto.IngredientDto@6dd5cf81, com.example.sumptuous.dto.IngredientDto@63c04108, com.example.sumptuous.dto.IngredientDto@4759069, com.example.sumptuous.dto.IngredientDto@5791cd9c, com.example.sumptuous.dto.IngredientDto@14fba928, com.example.sumptuous.dto.IngredientDto@75d272be, com.example.sumptuous.dto.IngredientDto@5d0c52b5, com.example.sumptuous.dto.IngredientDto@42889a5, com.example.sumptuous.dto.IngredientDto@4dd3c2e1, com.example.sumptuous.dto.IngredientDto@2b721e67, com.example.sumptuous.dto.IngredientDto@14d47846, com.example.sumptuous.dto.IngredientDto@5471bed8, com.example.sumptuous.dto.IngredientDto@7e6aa7d, com.example.sumptuous.dto.IngredientDto@3cdc1dc0, com.example.sumptuous.dto.IngredientDto@b7d4455, com.example.sumptuous.dto.IngredientDto@52a3ac9c, com.example.sumptuous.dto.IngredientDto@60a441f7, com.example.sumptuous.dto.IngredientDto@3c4a623e, com.example.sumptuous.dto.IngredientDto@5d74c60e, com.example.sumptuous.dto.IngredientDto@127c5670, com.example.sumptuous.dto.IngredientDto@50950631, com.example.sumptuous.dto.IngredientDto@3f21c58f]
2021-05-18 13:18:14,667 INFO com.example.sumptuous.controller.RecipeController [http-nio-8089-exec-10] [searchRecipes] argument : recipeRequestUserDto : RecipeRequestUserDto{ingredientDtos=null, mealType='', dishType='Salad', name='', cookingTime=null, checked=false}
2021-05-18 13:18:14,679 INFO com.example.sumptuous.controller.RecipeController [http-nio-8089-exec-10] [searchRecipes] response : recipeResponseUserDto : RecipeResponseUserDto{recipeDtos=[com.example.sumptuous.dto.RecipeDto@62ebfa3c], otherRecipeDtos=null}
2021-05-18 13:18:18,081 INFO com.example.sumptuous.controller.IngredientController [http-nio-8089-exec-1] [getIngredients]
2021-05-18 13:18:18,097 INFO com.example.sumptuous.controller.IngredientController [http-nio-8089-exec-1] [getIngredients] response : ingredientDtos : [com.example.sumptuous.dto.IngredientDto@1b274c0a, com.example.sumptuous.dto.IngredientDto@4acb774e, com.example.sumptuous.dto.IngredientDto@62f5f63, com.example.sumptuous.dto.IngredientDto@4e0d35b1, com.example.sumptuous.dto.IngredientDto@6f6b6766, com.example.sumptuous.dto.IngredientDto@7e8b1cc2, com.example.sumptuous.dto.IngredientDto@2239037, com.example.sumptuous.dto.IngredientDto@25a49d7f, com.example.sumptuous.dto.IngredientDto@11c08efa, com.example.sumptuous.dto.IngredientDto@370bfd0c, com.example.sumptuous.dto.IngredientDto@293771f2, com.example.sumptuous.dto.IngredientDto@28f94ece, com.example.sumptuous.dto.IngredientDto@3ddba275, com.example.sumptuous.dto.IngredientDto@5550cb5f, com.example.sumptuous.dto.IngredientDto@47fa88e6, com.example.sumptuous.dto.IngredientDto@259721e9, com.example.sumptuous.dto.IngredientDto@453fe724, com.example.sumptuous.dto.IngredientDto@1666d6ef, com.example.sumptuous.dto.IngredientDto@5c8d17d, com.example.sumptuous.dto.IngredientDto@19cc2044, com.example.sumptuous.dto.IngredientDto@2370f29e, com.example.sumptuous.dto.IngredientDto@38189b1, com.example.sumptuous.dto.IngredientDto@4081f385, com.example.sumptuous.dto.IngredientDto@38b735d1, com.example.sumptuous.dto.IngredientDto@1cf7c45b, com.example.sumptuous.dto.IngredientDto@13340a75]
2021-05-18 13:19:58,178 INFO org.springframework.scheduling.concurrent.ExecutorConfigurationSupport [SpringContextShutdownHook] Shutting down ExecutorService 'applicationTaskExecutor'
2021-05-18 13:19:58,183 INFO org.springframework.orm.jpa.AbstractEntityManagerFactoryBean [SpringContextShutdownHook] Closing JPA EntityManagerFactory for persistence unit 'default'
2021-05-18 13:19:58,235 INFO com.zaxxer.hikari.HikariDataSource [SpringContextShutdownHook] HikariPool-1 - Shutdown initiated...
2021-05-18 13:19:58,350 INFO com.zaxxer.hikari.HikariDataSource [SpringContextShutdownHook] HikariPool-1 - Shutdown completed.
2021-05-18 13:20:19,622 INFO org.springframework.boot.StartupInfoLogger [restartedMain] Starting SumptuousApplication using Java 11.0.11 on labdhi-HP-Laptop-14s-dk0xxx with PID 8225 (/home/labdhi/Documents/sumptuous/target/classes started by labdhi in /home/labdhi/Documents/sumptuous)
2021-05-18 13:20:19,627 INFO org.springframework.boot.SpringApplication [restartedMain] No active profile set, falling back to default profiles: default
2021-05-18 13:20:19,830 INFO org.springframework.boot.logging.DeferredLog [restartedMain] Devtools property defaults active! Set 'spring.devtools.add-properties' to 'false' to disable
2021-05-18 13:20:19,832 INFO org.springframework.boot.logging.DeferredLog [restartedMain] For additional web related logging consider setting the 'logging.level.web' property to 'DEBUG'
2021-05-18 13:20:22,463 INFO org.springframework.data.repository.config.RepositoryConfigurationDelegate [restartedMain] Bootstrapping Spring Data JPA repositories in DEFAULT mode.
2021-05-18 13:20:22,589 INFO org.springframework.data.repository.config.RepositoryConfigurationDelegate [restartedMain] Finished Spring Data repository scanning in 111 ms. Found 4 JPA repository interfaces.
2021-05-18 13:20:23,915 INFO org.springframework.boot.web.embedded.tomcat.TomcatWebServer [restartedMain] Tomcat initialized with port(s): 8089 (http)
2021-05-18 13:20:23,941 INFO org.apache.juli.logging.DirectJDKLog [restartedMain] Initializing ProtocolHandler ["http-nio-8089"]
2021-05-18 13:20:23,943 INFO org.apache.juli.logging.DirectJDKLog [restartedMain] Starting service [Tomcat]
2021-05-18 13:20:23,943 INFO org.apache.juli.logging.DirectJDKLog [restartedMain] Starting Servlet engine: [Apache Tomcat/9.0.45]
2021-05-18 13:20:24,118 INFO org.apache.juli.logging.DirectJDKLog [restartedMain] Initializing Spring embedded WebApplicationContext
2021-05-18 13:20:24,118 INFO org.springframework.boot.web.servlet.context.ServletWebServerApplicationContext [restartedMain] Root WebApplicationContext: initialization completed in 4279 ms
2021-05-18 13:20:24,453 INFO org.hibernate.jpa.internal.util.LogHelper [restartedMain] HHH000204: Processing PersistenceUnitInfo [name: default]
2021-05-18 13:20:24,600 INFO org.hibernate.Version [restartedMain] HHH000412: Hibernate ORM core version 5.4.30.Final
2021-05-18 13:20:24,830 INFO org.hibernate.annotations.common.reflection.java.JavaReflectionManager [restartedMain] HCANN000001: Hibernate Commons Annotations {5.1.2.Final}
2021-05-18 13:20:25,000 INFO com.zaxxer.hikari.HikariDataSource [restartedMain] HikariPool-1 - Starting...
2021-05-18 13:20:25,974 INFO com.zaxxer.hikari.HikariDataSource [restartedMain] HikariPool-1 - Start completed.
2021-05-18 13:20:26,007 INFO org.hibernate.dialect.Dialect [restartedMain] HHH000400: Using dialect: org.hibernate.dialect.MySQL8Dialect
2021-05-18 13:20:27,962 INFO org.hibernate.engine.transaction.jta.platform.internal.JtaPlatformInitiator [restartedMain] HHH000490: Using JtaPlatform implementation: [org.hibernate.engine.transaction.jta.platform.internal.NoJtaPlatform]
2021-05-18 13:20:28,041 INFO org.springframework.orm.jpa.AbstractEntityManagerFactoryBean [restartedMain] Initialized JPA EntityManagerFactory for persistence unit 'default'
2021-05-18 13:20:28,159 INFO org.springframework.boot.devtools.autoconfigure.OptionalLiveReloadServer [restartedMain] LiveReload server is running on port 35729
2021-05-18 13:20:29,854 WARN org.springframework.boot.autoconfigure.orm.jpa.JpaBaseConfiguration$JpaWebConfiguration [restartedMain] spring.jpa.open-in-view is enabled by default. Therefore, database queries may be performed during view rendering. Explicitly configure spring.jpa.open-in-view to disable this warning
2021-05-18 13:20:30,140 INFO org.springframework.scheduling.concurrent.ExecutorConfigurationSupport [restartedMain] Initializing ExecutorService 'applicationTaskExecutor'
2021-05-18 13:20:30,486 INFO org.apache.juli.logging.DirectJDKLog [restartedMain] Starting ProtocolHandler ["http-nio-8089"]
2021-05-18 13:20:30,533 INFO org.springframework.boot.web.embedded.tomcat.TomcatWebServer [restartedMain] Tomcat started on port(s): 8089 (http) with context path ''
2021-05-18 13:20:30,567 INFO org.springframework.boot.StartupInfoLogger [restartedMain] Started SumptuousApplication in 12.347 seconds (JVM running for 16.736)
2021-05-18 13:20:44,040 INFO org.apache.juli.logging.DirectJDKLog [http-nio-8089-exec-1] Initializing Spring DispatcherServlet 'dispatcherServlet'
2021-05-18 13:20:44,041 INFO org.springframework.web.servlet.FrameworkServlet [http-nio-8089-exec-1] Initializing Servlet 'dispatcherServlet'
2021-05-18 13:20:44,044 INFO org.springframework.web.servlet.FrameworkServlet [http-nio-8089-exec-1] Completed initialization in 2 ms
2021-05-18 13:20:44,167 INFO com.example.sumptuous.controller.IngredientController [http-nio-8089-exec-1] [getIngredients]
2021-05-18 13:20:44,597 INFO com.example.sumptuous.controller.IngredientController [http-nio-8089-exec-1] [getIngredients] response : ingredientDtos : [com.example.sumptuous.dto.IngredientDto@43baa55f, com.example.sumptuous.dto.IngredientDto@4c998317, com.example.sumptuous.dto.IngredientDto@34fb5e1f, com.example.sumptuous.dto.IngredientDto@2b1ffe99, com.example.sumptuous.dto.IngredientDto@3d1936f8, com.example.sumptuous.dto.IngredientDto@3d989b77, com.example.sumptuous.dto.IngredientDto@537d217d, com.example.sumptuous.dto.IngredientDto@742f6bd, com.example.sumptuous.dto.IngredientDto@7398be5b, com.example.sumptuous.dto.IngredientDto@aa2c07c, com.example.sumptuous.dto.IngredientDto@306e6e9c, com.example.sumptuous.dto.IngredientDto@20098132, com.example.sumptuous.dto.IngredientDto@1655990e, com.example.sumptuous.dto.IngredientDto@a680a98, com.example.sumptuous.dto.IngredientDto@49319fc7, com.example.sumptuous.dto.IngredientDto@25dd87c2, com.example.sumptuous.dto.IngredientDto@1f7ae79e, com.example.sumptuous.dto.IngredientDto@550c0223, com.example.sumptuous.dto.IngredientDto@100670e2, com.example.sumptuous.dto.IngredientDto@59ac06b7, com.example.sumptuous.dto.IngredientDto@11a25c0b, com.example.sumptuous.dto.IngredientDto@240a5906, com.example.sumptuous.dto.IngredientDto@7a8ac05, com.example.sumptuous.dto.IngredientDto@3e089bf9, com.example.sumptuous.dto.IngredientDto@3d49ca37, com.example.sumptuous.dto.IngredientDto@4b7d76f1]
2021-05-18 13:20:46,589 INFO com.example.sumptuous.controller.RecipeController [http-nio-8089-exec-2] [getRecipesByDishType] argument : dishType : Salad
2021-05-18 13:20:46,657 INFO com.example.sumptuous.controller.RecipeController [http-nio-8089-exec-2] [getRecipesByDishType] response : recipeDtos : [com.example.sumptuous.dto.RecipeDto@1e65c4de]
2021-05-18 13:24:02,065 INFO com.example.sumptuous.controller.IngredientController [http-nio-8089-exec-4] [getIngredients]
2021-05-18 13:24:02,084 INFO com.example.sumptuous.controller.IngredientController [http-nio-8089-exec-4] [getIngredients] response : ingredientDtos : [com.example.sumptuous.dto.IngredientDto@53d64fa1, com.example.sumptuous.dto.IngredientDto@44982abd, com.example.sumptuous.dto.IngredientDto@2abf13e, com.example.sumptuous.dto.IngredientDto@580e2ad, com.example.sumptuous.dto.IngredientDto@64ca1efb, com.example.sumptuous.dto.IngredientDto@61821d1d, com.example.sumptuous.dto.IngredientDto@3c7d2212, com.example.sumptuous.dto.IngredientDto@3e6a3aba, com.example.sumptuous.dto.IngredientDto@a63d64a, com.example.sumptuous.dto.IngredientDto@7bf858ee, com.example.sumptuous.dto.IngredientDto@2e408831, com.example.sumptuous.dto.IngredientDto@4110c8a9, com.example.sumptuous.dto.IngredientDto@55559747, com.example.sumptuous.dto.IngredientDto@6cd39a2b, com.example.sumptuous.dto.IngredientDto@46789680, com.example.sumptuous.dto.IngredientDto@1ea5b66, com.example.sumptuous.dto.IngredientDto@787c1bb3, com.example.sumptuous.dto.IngredientDto@88ed455, com.example.sumptuous.dto.IngredientDto@a409f52, com.example.sumptuous.dto.IngredientDto@5922d417, com.example.sumptuous.dto.IngredientDto@411bed03, com.example.sumptuous.dto.IngredientDto@3fc9b509, com.example.sumptuous.dto.IngredientDto@31fd17ad, com.example.sumptuous.dto.IngredientDto@7eb0ffe9, com.example.sumptuous.dto.IngredientDto@605d66c9, com.example.sumptuous.dto.IngredientDto@12cef636]
2021-05-18 13:24:15,818 INFO com.example.sumptuous.controller.RecipeController [http-nio-8089-exec-5] [getRecipesByDishType] argument : dishType : Soup
2021-05-18 13:24:15,828 INFO com.example.sumptuous.controller.RecipeController [http-nio-8089-exec-5] [getRecipesByDishType] response : recipeDtos : []
2021-05-18 13:24:23,191 INFO com.example.sumptuous.controller.IngredientController [http-nio-8089-exec-6] [getIngredients]
2021-05-18 13:24:23,206 INFO com.example.sumptuous.controller.IngredientController [http-nio-8089-exec-6] [getIngredients] response : ingredientDtos : [com.example.sumptuous.dto.IngredientDto@6bc4581e, com.example.sumptuous.dto.IngredientDto@1e314e27, com.example.sumptuous.dto.IngredientDto@6398c31, com.example.sumptuous.dto.IngredientDto@33951578, com.example.sumptuous.dto.IngredientDto@7a58afbc, com.example.sumptuous.dto.IngredientDto@6e0c96a6, com.example.sumptuous.dto.IngredientDto@241ec752, com.example.sumptuous.dto.IngredientDto@3f3b287c, com.example.sumptuous.dto.IngredientDto@a14568, com.example.sumptuous.dto.IngredientDto@a124a7c, com.example.sumptuous.dto.IngredientDto@58e4283b, com.example.sumptuous.dto.IngredientDto@3e7a9393, com.example.sumptuous.dto.IngredientDto@347a0b31, com.example.sumptuous.dto.IngredientDto@2c23e668, com.example.sumptuous.dto.IngredientDto@55ffb627, com.example.sumptuous.dto.IngredientDto@3f735100, com.example.sumptuous.dto.IngredientDto@5bb4f65c, com.example.sumptuous.dto.IngredientDto@68975be4, com.example.sumptuous.dto.IngredientDto@4071865f, com.example.sumptuous.dto.IngredientDto@652f2400, com.example.sumptuous.dto.IngredientDto@195528ef, com.example.sumptuous.dto.IngredientDto@4b4f085a, com.example.sumptuous.dto.IngredientDto@7c02c12, com.example.sumptuous.dto.IngredientDto@1b5307ce, com.example.sumptuous.dto.IngredientDto@2b71561b, com.example.sumptuous.dto.IngredientDto@18cf96f7]
